  cube.cpp
C:\Users\milos\source\Code\opengl-cube\cube\cube\linmath.h(586,18): warning C4244: 'argument': conversion from 'double' to 'float', possible loss of data
C:\Users\milos\source\Code\opengl-cube\cube\cube\linmath.h(593,18): warning C4244: 'argument': conversion from 'double' to 'float', possible loss of data
C:\Users\milos\source\Code\opengl-cube\cube\cube\linmath.h(605,51): warning C4244: 'initializing': conversion from 'double' to 'float', possible loss of data
C:\Users\milos\source\Code\opengl-cube\cube\cube\linmath.h(605,20): warning C4244: 'initializing': conversion from 'double' to 'const float', possible loss of data
C:\Users\milos\source\Code\opengl-cube\cube\cube\cube.cpp(166,28): warning C4244: 'initializing': conversion from 'double' to 'float', possible loss of data
C:\Users\milos\source\Code\opengl-cube\cube\cube\cube.cpp(121,42): warning C4101: 'fragment_shader': unreferenced local variable
C:\Users\milos\source\Code\opengl-cube\cube\cube\cube.cpp(121,27): warning C4101: 'vertex_shader': unreferenced local variable
C:\Users\milos\source\Code\opengl-cube\cube\cube\cube.cpp(121,59): warning C4101: 'program': unreferenced local variable
C:\Users\milos\source\Code\opengl-cube\cube\cube\cube.cpp(121,12): warning C4101: 'vertex_buffer': unreferenced local variable
C:\Users\milos\source\Code\opengl-cube\cube\cube\cube.cpp(177,35): warning C4101: 'mvp': unreferenced local variable
C:\Users\milos\source\Code\opengl-cube\cube\cube\cube.cpp(341,17): warning C4244: '=': conversion from 'double' to 'float', possible loss of data
C:\Users\milos\source\Code\opengl-cube\cube\cube\cube.cpp(342,17): warning C4244: '=': conversion from 'double' to 'float', possible loss of data
C:\Users\milos\source\Code\opengl-cube\cube\cube\cube.cpp(345,19): warning C4244: 'initializing': conversion from 'double' to 'float', possible loss of data
C:\Users\milos\source\Code\opengl-cube\cube\cube\cube.cpp(346,19): warning C4244: 'initializing': conversion from 'double' to 'float', possible loss of data
C:\Users\milos\source\Code\opengl-cube\cube\cube\cube.cpp(347,13): warning C4244: '=': conversion from 'double' to 'float', possible loss of data
C:\Users\milos\source\Code\opengl-cube\cube\cube\cube.cpp(348,13): warning C4244: '=': conversion from 'double' to 'float', possible loss of data
C:\Users\milos\source\Code\opengl-cube\cube\cube\cube.cpp(367,29): warning C4305: 'initializing': truncation from 'double' to 'float'
LINK : warning LNK4098: defaultlib 'MSVCRTD' conflicts with use of other libs; use /NODEFAULTLIB:library
  Generating code
  Previous IPDB and IOBJ mismatch, fall back to full compilation.
  All 74 functions were compiled because no usable IPDB/IOBJ from previous compilation was found.
  Finished generating code
glfw3.lib(context.obj) : warning LNK4099: PDB 'glfw3.pdb' was not found with 'glfw3.lib(context.obj)' or at 'C:\Users\milos\source\Code\opengl-cube\cube\x64\Release\glfw3.pdb'; linking object as if no debug info
glfw3.lib(init.obj) : warning LNK4099: PDB 'glfw3.pdb' was not found with 'glfw3.lib(init.obj)' or at 'C:\Users\milos\source\Code\opengl-cube\cube\x64\Release\glfw3.pdb'; linking object as if no debug info
glfw3.lib(input.obj) : warning LNK4099: PDB 'glfw3.pdb' was not found with 'glfw3.lib(input.obj)' or at 'C:\Users\milos\source\Code\opengl-cube\cube\x64\Release\glfw3.pdb'; linking object as if no debug info
glfw3.lib(monitor.obj) : warning LNK4099: PDB 'glfw3.pdb' was not found with 'glfw3.lib(monitor.obj)' or at 'C:\Users\milos\source\Code\opengl-cube\cube\x64\Release\glfw3.pdb'; linking object as if no debug info
glfw3.lib(vulkan.obj) : warning LNK4099: PDB 'glfw3.pdb' was not found with 'glfw3.lib(vulkan.obj)' or at 'C:\Users\milos\source\Code\opengl-cube\cube\x64\Release\glfw3.pdb'; linking object as if no debug info
glfw3.lib(window.obj) : warning LNK4099: PDB 'glfw3.pdb' was not found with 'glfw3.lib(window.obj)' or at 'C:\Users\milos\source\Code\opengl-cube\cube\x64\Release\glfw3.pdb'; linking object as if no debug info
glfw3.lib(win32_init.obj) : warning LNK4099: PDB 'glfw3.pdb' was not found with 'glfw3.lib(win32_init.obj)' or at 'C:\Users\milos\source\Code\opengl-cube\cube\x64\Release\glfw3.pdb'; linking object as if no debug info
glfw3.lib(win32_joystick.obj) : warning LNK4099: PDB 'glfw3.pdb' was not found with 'glfw3.lib(win32_joystick.obj)' or at 'C:\Users\milos\source\Code\opengl-cube\cube\x64\Release\glfw3.pdb'; linking object as if no debug info
glfw3.lib(win32_monitor.obj) : warning LNK4099: PDB 'glfw3.pdb' was not found with 'glfw3.lib(win32_monitor.obj)' or at 'C:\Users\milos\source\Code\opengl-cube\cube\x64\Release\glfw3.pdb'; linking object as if no debug info
glfw3.lib(win32_time.obj) : warning LNK4099: PDB 'glfw3.pdb' was not found with 'glfw3.lib(win32_time.obj)' or at 'C:\Users\milos\source\Code\opengl-cube\cube\x64\Release\glfw3.pdb'; linking object as if no debug info
glfw3.lib(win32_thread.obj) : warning LNK4099: PDB 'glfw3.pdb' was not found with 'glfw3.lib(win32_thread.obj)' or at 'C:\Users\milos\source\Code\opengl-cube\cube\x64\Release\glfw3.pdb'; linking object as if no debug info
glfw3.lib(win32_window.obj) : warning LNK4099: PDB 'glfw3.pdb' was not found with 'glfw3.lib(win32_window.obj)' or at 'C:\Users\milos\source\Code\opengl-cube\cube\x64\Release\glfw3.pdb'; linking object as if no debug info
glfw3.lib(wgl_context.obj) : warning LNK4099: PDB 'glfw3.pdb' was not found with 'glfw3.lib(wgl_context.obj)' or at 'C:\Users\milos\source\Code\opengl-cube\cube\x64\Release\glfw3.pdb'; linking object as if no debug info
glfw3.lib(egl_context.obj) : warning LNK4099: PDB 'glfw3.pdb' was not found with 'glfw3.lib(egl_context.obj)' or at 'C:\Users\milos\source\Code\opengl-cube\cube\x64\Release\glfw3.pdb'; linking object as if no debug info
glfw3.lib(osmesa_context.obj) : warning LNK4099: PDB 'glfw3.pdb' was not found with 'glfw3.lib(osmesa_context.obj)' or at 'C:\Users\milos\source\Code\opengl-cube\cube\x64\Release\glfw3.pdb'; linking object as if no debug info
  cube.vcxproj -> C:\Users\milos\source\Code\opengl-cube\cube\x64\Release\cube.exe
